<?xml version="1.0" encoding="UTF-8"?>
<!-- Generated by org.testng.reporters.JUnitReportReporter -->
<testsuite hostname="namans-MacBook-Air.local" failures="0" tests="1" name="testCases.BankManagerLoginTest" time="0.467" errors="0" timestamp="2026-02-11T10:12:53 IST" skipped="0">
  <testcase classname="testCases.BankManagerLoginTest" name="bankManagerLoginTest" time="0.467">
    <system-out>
      <![CDATA[Login Successfully Executed ----]]>
    </system-out>
  </testcase> <!-- bankManagerLoginTest -->
  <system-out>
    <![CDATA[Login Successfully Executed ----]]>
  </system-out>
</testsuite> <!-- testCases.BankManagerLoginTest -->
