<?xml version="1.0" encoding="UTF-8"?>
<!-- Generated by org.testng.reporters.JUnitReportReporter -->
<testsuite hostname="namans-MacBook-Air.local" failures="0" tests="2" name="testCases.AddCustomerTest" time="0.435" errors="0" timestamp="2026-02-04T16:09:03 IST" skipped="0">
  <testcase classname="testCases.AddCustomerTest" name="addCustomer" time="0.158"/>
  <testcase classname="testCases.AddCustomerTest" name="addCustomer" time="0.277"/>
  <system-out>
    <![CDATA[Login Successfully Executed ----
<a href='file:///Users/namanpatel/Documents/Selenium/Selenium_Projects/Project1_DataDrivenFramework/test-output/Screenshots/Wed_Feb_04_16_08_52_IST_2026.jpg' target='_blank'>View Screenshot</a>]]>
  </system-out>
</testsuite> <!-- testCases.AddCustomerTest -->
