<?xml version="1.0" encoding="UTF-8"?>
<!-- Generated by org.testng.reporters.JUnitReportReporter -->
<testsuite hostname="namans-MacBook-Air.local" failures="0" tests="4" name="testCases.AddCustomerTest" time="0.726" errors="0" timestamp="2026-02-11T10:12:53 IST" skipped="1">
  <testcase classname="testCases.AddCustomerTest" name="addCustomerTest" time="0.002">
    <skipped/>
  </testcase> <!-- addCustomerTest -->
  <testcase classname="testCases.AddCustomerTest" name="addCustomerTest" time="0.185"/>
  <testcase classname="testCases.AddCustomerTest" name="addCustomerTest" time="0.417"/>
  <testcase classname="testCases.AddCustomerTest" name="addCustomerTest" time="0.122"/>
  <system-out>
    <![CDATA[Login Successfully Executed ----]]>
  </system-out>
</testsuite> <!-- testCases.AddCustomerTest -->
