<?xml version="1.0" encoding="UTF-8"?>
<!-- Generated by org.testng.reporters.JUnitReportReporter -->
<testsuite hostname="namans-MacBook-Air.local" failures="0" tests="2" name="testCases.OpenAccountTest" time="0.397" errors="0" timestamp="2026-02-11T10:12:53 IST" skipped="1">
  <testcase classname="testCases.OpenAccountTest" name="openAccountTest" time="0.001">
    <skipped/>
  </testcase> <!-- openAccountTest -->
  <testcase classname="testCases.OpenAccountTest" name="openAccountTest" time="0.396"/>
  <system-out>
    <![CDATA[Login Successfully Executed ----]]>
  </system-out>
</testsuite> <!-- testCases.OpenAccountTest -->
