<?xml version="1.0" encoding="UTF-8"?>
<!-- Generated by org.testng.reporters.JUnitReportReporter -->
<testsuite hostname="namans-MacBook-Air.local" failures="0" tests="2" name="testCases.AddCustomerTest" time="0.391" errors="0" timestamp="2026-02-04T12:20:28 IST" skipped="0">
  <testcase classname="testCases.AddCustomerTest" name="addCustomer" time="0.210"/>
  <testcase classname="testCases.AddCustomerTest" name="addCustomer" time="0.181"/>
  <system-out>
    <![CDATA[Login Successfully Executed ----
<a href='file:///Users/namanpatel/Documents/Important/Pictures/My%20Picture/Naman_Edited.png' target='_blank'>View Screenshot</a>]]>
  </system-out>
</testsuite> <!-- testCases.AddCustomerTest -->
