<?xml version="1.0" encoding="UTF-8"?>
<testng-results ignored="0" total="4" passed="4" failed="0" skipped="0">
  <reporter-output>
  </reporter-output>
  <suite started-at="2026-02-08T22:22:13 IST" name="Default suite" finished-at="2026-02-08T22:22:23 IST" duration-ms="10240">
    <groups>
    </groups>
    <test started-at="2026-02-08T22:22:13 IST" name="Default test" finished-at="2026-02-08T22:22:23 IST" duration-ms="10240">
      <class name="toturialNinja.register.TC_RF_001">
        <test-method is-config="true" signature="startTest()[pri:0, instance:toturialNinja.register.TC_RF_001@19bb07ed]" started-at="2026-02-08T22:22:13 IST" name="startTest" finished-at="2026-02-08T22:22:15 IST" duration-ms="1464" status="PASS">
          <reporter-output>
          </reporter-output>
        </test-method> <!-- startTest -->
        <test-method signature="registerTest()[pri:1, instance:toturialNinja.register.TC_RF_001@19bb07ed]" started-at="2026-02-08T22:22:15 IST" name="registerTest" finished-at="2026-02-08T22:22:18 IST" duration-ms="3146" status="PASS">
          <reporter-output>
          </reporter-output>
        </test-method> <!-- registerTest -->
        <test-method signature="verifyRegisterTest()[pri:0, instance:toturialNinja.register.TC_RF_001@19bb07ed]" started-at="2026-02-08T22:22:18 IST" name="verifyRegisterTest" finished-at="2026-02-08T22:22:19 IST" depends-on-methods="toturialNinja.register.TC_RF_001.registerTest" duration-ms="1180" status="PASS">
          <reporter-output>
          </reporter-output>
        </test-method> <!-- verifyRegisterTest -->
        <test-method signature="accountPageTest()[pri:2, instance:toturialNinja.register.TC_RF_001@19bb07ed]" started-at="2026-02-08T22:22:19 IST" name="accountPageTest" finished-at="2026-02-08T22:22:21 IST" duration-ms="2292" status="PASS">
          <reporter-output>
          </reporter-output>
        </test-method> <!-- accountPageTest -->
        <test-method signature="verifyAccountPageTest()[pri:0, instance:toturialNinja.register.TC_RF_001@19bb07ed]" started-at="2026-02-08T22:22:21 IST" name="verifyAccountPageTest" finished-at="2026-02-08T22:22:21 IST" depends-on-methods="toturialNinja.register.TC_RF_001.accountPageTest" duration-ms="40" status="PASS">
          <reporter-output>
          </reporter-output>
        </test-method> <!-- verifyAccountPageTest -->
        <test-method is-config="true" signature="endTest()[pri:0, instance:toturialNinja.register.TC_RF_001@19bb07ed]" started-at="2026-02-08T22:22:21 IST" name="endTest" finished-at="2026-02-08T22:22:23 IST" duration-ms="2104" status="PASS">
          <reporter-output>
          </reporter-output>
        </test-method> <!-- endTest -->
      </class> <!-- toturialNinja.register.TC_RF_001 -->
    </test> <!-- Default test -->
  </suite> <!-- Default suite -->
</testng-results>
