<?xml version="1.0" encoding="UTF-8"?>
<!-- Generated by org.testng.reporters.JUnitXMLReporter -->
<testsuite ignored="0" hostname="namans-MacBook-Air.local" failures="2" tests="2" name="Add Customer Test" time="0.601" errors="0" timestamp="2026-02-04T14:46:14 IST">
  <testcase classname="testCases.AddCustomerTest" name="addCustomer" time="0.313">
    <failure type="java.lang.AssertionError" message="Adding customer failed ---">
      <![CDATA[java.lang.AssertionError: Adding customer failed ---
at testCases.AddCustomerTest.addCustomer(AddCustomerTest.java:25)
at java.base/java.util.ArrayList.forEach(ArrayList.java:1604)
... Removed 26 stack frames]]>
    </failure>
  </testcase> <!-- addCustomer -->
  <testcase classname="testCases.AddCustomerTest" name="addCustomer" time="0.119">
    <failure type="java.lang.AssertionError" message="Adding customer failed ---">
      <![CDATA[java.lang.AssertionError: Adding customer failed ---
at testCases.AddCustomerTest.addCustomer(AddCustomerTest.java:25)
at java.base/java.util.ArrayList.forEach(ArrayList.java:1604)
... Removed 26 stack frames]]>
    </failure>
  </testcase> <!-- addCustomer -->
</testsuite> <!-- Add Customer Test -->
