<?xml version="1.0" encoding="UTF-8"?>
<!-- Generated by org.testng.reporters.JUnitXMLReporter -->
<testsuite ignored="0" hostname="namans-MacBook-Air.local" failures="0" tests="4" name="Add Customer Test" time="0.769" errors="0" timestamp="2026-02-11T10:12:42 IST">
  <testcase classname="testCases.AddCustomerTest" name="addCustomerTest" time="0.417"/>
  <testcase classname="testCases.AddCustomerTest" name="addCustomerTest" time="0.185"/>
  <testcase classname="testCases.AddCustomerTest" name="addCustomerTest" time="0.002">
    <skipped/>
  </testcase> <!-- addCustomerTest -->
  <testcase classname="testCases.AddCustomerTest" name="addCustomerTest" time="0.122"/>
</testsuite> <!-- Add Customer Test -->
