<?xml version="1.0" encoding="UTF-8"?>
<!-- Generated by org.testng.reporters.JUnitXMLReporter -->
<testsuite ignored="0" hostname="namans-MacBook-Air.local" failures="1" tests="1" name="Bank Manager Login Test" time="0.257" errors="0" timestamp="2026-02-04T14:46:13 IST">
  <testcase classname="testCases.BankManagerLoginTest" name="loginAsBankManger" time="0.134">
    <failure type="java.lang.AssertionError" message="Login Failed ---">
      <![CDATA[java.lang.AssertionError: Login Failed ---
at testCases.BankManagerLoginTest.loginAsBankManger(BankManagerLoginTest.java:19)
at java.base/java.util.ArrayList.forEach(ArrayList.java:1604)
... Removed 26 stack frames]]>
    </failure>
  </testcase> <!-- loginAsBankManger -->
</testsuite> <!-- Bank Manager Login Test -->
