<?xml version="1.0" encoding="UTF-8"?>
<!-- Generated by org.testng.reporters.JUnitXMLReporter -->
<testsuite ignored="0" hostname="namans-MacBook-Air.local" failures="0" tests="2" name="Open Account Test" time="0.412" errors="0" timestamp="2026-02-11T10:12:43 IST">
  <testcase classname="testCases.OpenAccountTest" name="openAccountTest" time="0.396"/>
  <testcase classname="testCases.OpenAccountTest" name="openAccountTest" time="0.001">
    <skipped/>
  </testcase> <!-- openAccountTest -->
</testsuite> <!-- Open Account Test -->
