<?xml version="1.0" encoding="UTF-8"?>
<testng-results ignored="0" total="3" passed="2" failed="1" skipped="0">
  <reporter-output>
    <line>
      <![CDATA[Login Successfully Executed ----]]>
    </line>
    <line>
      <![CDATA[<a href='file:///Users/namanpatel/Documents/Selenium/Selenium_Projects/Project1_DataDrivenFramework/test-output/Screenshots/Wed_Feb_04_15_44_37_IST_2026.jpg' target='_blank'>View Screenshot</a>]]>
    </line>
  </reporter-output>
  <suite started-at="2026-02-04T15:44:37 IST" name="Data Driven Test" finished-at="2026-02-04T15:44:37 IST" duration-ms="616">
    <groups>
    </groups>
    <test started-at="2026-02-04T15:44:37 IST" name="Bank Manager Login Test" finished-at="2026-02-04T15:44:37 IST" duration-ms="191">
      <class name="testCases.BankManagerLoginTest">
        <test-method signature="loginAsBankManger()[pri:0, instance:testCases.BankManagerLoginTest@7ea4d397]" started-at="2026-02-04T15:44:37 IST" name="loginAsBankManger" finished-at="2026-02-04T15:44:37 IST" duration-ms="84" status="FAIL">
          <exception class="java.lang.AssertionError">
            <message>
              <![CDATA[Login Failed ---]]>
            </message>
            <full-stacktrace>
              <![CDATA[java.lang.AssertionError: Login Failed ---
at org.testng.Assert.fail(Assert.java:111)
at testCases.BankManagerLoginTest.loginAsBankManger(BankManagerLoginTest.java:19)
at java.base/jdk.internal.reflect.DirectMethodHandleAccessor.invoke(DirectMethodHandleAccessor.java:104)
at java.base/java.lang.reflect.Method.invoke(Method.java:565)
at org.testng.internal.invokers.MethodInvocationHelper.invokeMethod(MethodInvocationHelper.java:139)
at org.testng.internal.invokers.TestInvoker.invokeMethod(TestInvoker.java:664)
at org.testng.internal.invokers.TestInvoker.invokeTestMethod(TestInvoker.java:228)
at org.testng.internal.invokers.MethodRunner.runInSequence(MethodRunner.java:63)
at org.testng.internal.invokers.TestInvoker$MethodInvocationAgent.invoke(TestInvoker.java:961)
at org.testng.internal.invokers.TestInvoker.invokeTestMethods(TestInvoker.java:201)
at org.testng.internal.invokers.TestMethodWorker.invokeTestMethods(TestMethodWorker.java:148)
at org.testng.internal.invokers.TestMethodWorker.run(TestMethodWorker.java:128)
at java.base/java.util.ArrayList.forEach(ArrayList.java:1604)
at org.testng.TestRunner.privateRun(TestRunner.java:819)
at org.testng.TestRunner.run(TestRunner.java:619)
at org.testng.SuiteRunner.runTest(SuiteRunner.java:443)
at org.testng.SuiteRunner.runSequentially(SuiteRunner.java:437)
at org.testng.SuiteRunner.privateRun(SuiteRunner.java:397)
at org.testng.SuiteRunner.run(SuiteRunner.java:336)
at org.testng.SuiteRunnerWorker.runSuite(SuiteRunnerWorker.java:52)
at org.testng.SuiteRunnerWorker.run(SuiteRunnerWorker.java:95)
at org.testng.TestNG.runSuitesSequentially(TestNG.java:1301)
at org.testng.TestNG.runSuitesLocally(TestNG.java:1228)
at org.testng.TestNG.runSuites(TestNG.java:1134)
at org.testng.TestNG.run(TestNG.java:1101)
at org.apache.maven.surefire.testng.TestNGExecutor.run(TestNGExecutor.java:308)
at org.apache.maven.surefire.testng.TestNGXmlTestSuite.execute(TestNGXmlTestSuite.java:71)
at org.apache.maven.surefire.testng.TestNGProvider.invoke(TestNGProvider.java:113)
at org.apache.maven.surefire.booter.ForkedBooter.runSuitesInProcess(ForkedBooter.java:385)
at org.apache.maven.surefire.booter.ForkedBooter.execute(ForkedBooter.java:162)
at org.apache.maven.surefire.booter.ForkedBooter.run(ForkedBooter.java:507)
at org.apache.maven.surefire.booter.ForkedBooter.main(ForkedBooter.java:495)
]]>
            </full-stacktrace>
          </exception> <!-- java.lang.AssertionError -->
          <reporter-output>
            <line>
              <![CDATA[Login Successfully Executed ----]]>
            </line>
            <line>
              <![CDATA[<a href='file:///Users/namanpatel/Documents/Selenium/Selenium_Projects/Project1_DataDrivenFramework/test-output/Screenshots/Wed_Feb_04_15_44_37_IST_2026.jpg' target='_blank'>View Screenshot</a>]]>
            </line>
          </reporter-output>
        </test-method> <!-- loginAsBankManger -->
      </class> <!-- testCases.BankManagerLoginTest -->
    </test> <!-- Bank Manager Login Test -->
    <test started-at="2026-02-04T15:44:37 IST" name="Add Customer Test" finished-at="2026-02-04T15:44:37 IST" duration-ms="421">
      <class name="testCases.AddCustomerTest">
        <test-method is-config="true" signature="setUp()[pri:0, instance:testCases.AddCustomerTest@238ad8c]" started-at="2026-02-04T15:44:35 IST" name="setUp" finished-at="2026-02-04T15:44:37 IST" duration-ms="1396" status="PASS">
          <reporter-output>
          </reporter-output>
        </test-method> <!-- setUp -->
        <test-method signature="addCustomer(java.lang.String,java.lang.String,java.lang.String)[pri:0, instance:testCases.AddCustomerTest@238ad8c]" started-at="2026-02-04T15:44:37 IST" name="addCustomer" data-provider="addCustomerData" finished-at="2026-02-04T15:44:37 IST" duration-ms="221" status="PASS">
          <params>
            <param index="0">
              <value>
                <![CDATA[Naman]]>
              </value>
            </param>
            <param index="1">
              <value>
                <![CDATA[Patel]]>
              </value>
            </param>
            <param index="2">
              <value>
                <![CDATA[1406NP]]>
              </value>
            </param>
          </params>
          <reporter-output>
          </reporter-output>
        </test-method> <!-- addCustomer -->
        <test-method signature="addCustomer(java.lang.String,java.lang.String,java.lang.String)[pri:0, instance:testCases.AddCustomerTest@238ad8c]" started-at="2026-02-04T15:44:37 IST" name="addCustomer" data-provider="addCustomerData" finished-at="2026-02-04T15:44:37 IST" duration-ms="194" status="PASS">
          <params>
            <param index="0">
              <value>
                <![CDATA[Anurag]]>
              </value>
            </param>
            <param index="1">
              <value>
                <![CDATA[Malviya]]>
              </value>
            </param>
            <param index="2">
              <value>
                <![CDATA[6262AM]]>
              </value>
            </param>
          </params>
          <reporter-output>
          </reporter-output>
        </test-method> <!-- addCustomer -->
        <test-method is-config="true" signature="tearDown()[pri:0, instance:testCases.AddCustomerTest@238ad8c]" started-at="2026-02-04T15:44:37 IST" name="tearDown" finished-at="2026-02-04T15:44:47 IST" duration-ms="10240" status="PASS">
          <reporter-output>
          </reporter-output>
        </test-method> <!-- tearDown -->
      </class> <!-- testCases.AddCustomerTest -->
    </test> <!-- Add Customer Test -->
  </suite> <!-- Data Driven Test -->
</testng-results>
