<?xml version="1.0" encoding="UTF-8"?>
<!-- Generated by org.testng.reporters.JUnitReportReporter -->
<testsuite hostname="namans-MacBook-Air.local" failures="0" tests="4" name="toturialNinja.register.TC_RF_001" time="6.658" errors="0" timestamp="2026-02-08T22:22:23 IST" skipped="0">
  <testcase classname="toturialNinja.register.TC_RF_001" name="verifyRegisterTest" time="1.180"/>
  <testcase classname="toturialNinja.register.TC_RF_001" name="verifyAccountPageTest" time="0.040"/>
  <testcase classname="toturialNinja.register.TC_RF_001" name="registerTest" time="3.146"/>
  <testcase classname="toturialNinja.register.TC_RF_001" name="accountPageTest" time="2.292"/>
</testsuite> <!-- toturialNinja.register.TC_RF_001 -->
