<?xml version="1.0" encoding="UTF-8"?>
<!-- Generated by org.testng.reporters.JUnitXMLReporter -->
<testsuite ignored="0" hostname="namans-MacBook-Air.local" failures="0" tests="4" name="Default test" time="10.24" errors="0" timestamp="2026-02-08T22:22:23 IST">
  <testcase classname="toturialNinja.register.TC_RF_001" name="registerTest" time="3.146"/>
  <testcase classname="toturialNinja.register.TC_RF_001" name="verifyRegisterTest" time="1.18"/>
  <testcase classname="toturialNinja.register.TC_RF_001" name="accountPageTest" time="2.292"/>
  <testcase classname="toturialNinja.register.TC_RF_001" name="verifyAccountPageTest" time="0.04"/>
</testsuite> <!-- Default test -->
