<?xml version="1.0" encoding="UTF-8"?>
<testng-results ignored="0" total="7" passed="5" failed="0" skipped="2">
  <reporter-output>
    <line>
      <![CDATA[Login Successfully Executed ----]]>
    </line>
  </reporter-output>
  <suite started-at="2026-02-11T10:12:41 IST" name="Data Driven Test" finished-at="2026-02-11T10:12:43 IST" duration-ms="1807">
    <groups>
    </groups>
    <test started-at="2026-02-11T10:12:41 IST" name="Bank Manager Login Test" finished-at="2026-02-11T10:12:41 IST" duration-ms="606">
      <class name="testCases.BankManagerLoginTest">
        <test-method signature="bankManagerLoginTest()[pri:0, instance:testCases.BankManagerLoginTest@55ecbafe]" started-at="2026-02-11T10:12:41 IST" name="bankManagerLoginTest" finished-at="2026-02-11T10:12:41 IST" duration-ms="467" status="PASS">
          <reporter-output>
            <line>
              <![CDATA[Login Successfully Executed ----]]>
            </line>
          </reporter-output>
        </test-method> <!-- bankManagerLoginTest -->
      </class> <!-- testCases.BankManagerLoginTest -->
    </test> <!-- Bank Manager Login Test -->
    <test started-at="2026-02-11T10:12:41 IST" name="Add Customer Test" finished-at="2026-02-11T10:12:42 IST" duration-ms="769">
      <class name="testCases.AddCustomerTest">
        <test-method signature="addCustomerTest(java.lang.String,java.lang.String,java.lang.String,java.lang.String)[pri:0, instance:testCases.AddCustomerTest@6d4c273c]" started-at="2026-02-11T10:12:41 IST" name="addCustomerTest" data-provider="commonData" finished-at="2026-02-11T10:12:42 IST" duration-ms="417" status="PASS">
          <params>
            <param index="0">
              <value>
                <![CDATA[Naman]]>
              </value>
            </param>
            <param index="1">
              <value>
                <![CDATA[Patel]]>
              </value>
            </param>
            <param index="2">
              <value>
                <![CDATA[1406NP]]>
              </value>
            </param>
            <param index="3">
              <value>
                <![CDATA[Y]]>
              </value>
            </param>
          </params>
          <reporter-output>
          </reporter-output>
        </test-method> <!-- addCustomerTest -->
        <test-method signature="addCustomerTest(java.lang.String,java.lang.String,java.lang.String,java.lang.String)[pri:0, instance:testCases.AddCustomerTest@6d4c273c]" started-at="2026-02-11T10:12:42 IST" name="addCustomerTest" data-provider="commonData" finished-at="2026-02-11T10:12:42 IST" duration-ms="185" status="PASS">
          <params>
            <param index="0">
              <value>
                <![CDATA[Anurag]]>
              </value>
            </param>
            <param index="1">
              <value>
                <![CDATA[Malviya]]>
              </value>
            </param>
            <param index="2">
              <value>
                <![CDATA[6262AM]]>
              </value>
            </param>
            <param index="3">
              <value>
                <![CDATA[Y]]>
              </value>
            </param>
          </params>
          <reporter-output>
          </reporter-output>
        </test-method> <!-- addCustomerTest -->
        <test-method signature="addCustomerTest(java.lang.String,java.lang.String,java.lang.String,java.lang.String)[pri:0, instance:testCases.AddCustomerTest@6d4c273c]" started-at="2026-02-11T10:12:42 IST" name="addCustomerTest" data-provider="commonData" finished-at="2026-02-11T10:12:42 IST" duration-ms="2" status="SKIP">
          <params>
            <param index="0">
              <value>
                <![CDATA[Prince]]>
              </value>
            </param>
            <param index="1">
              <value>
                <![CDATA[Rai]]>
              </value>
            </param>
            <param index="2">
              <value>
                <![CDATA[9423PR]]>
              </value>
            </param>
            <param index="3">
              <value>
                <![CDATA[N]]>
              </value>
            </param>
          </params>
          <exception class="org.testng.SkipException">
            <message>
              <![CDATA[Skipping this TestCase because the RunMode is NO.....]]>
            </message>
            <full-stacktrace>
              <![CDATA[org.testng.SkipException: Skipping this TestCase because the RunMode is NO.....
at testCases.AddCustomerTest.addCustomerTest(AddCustomerTest.java:20)
at java.base/jdk.internal.reflect.DirectMethodHandleAccessor.invoke(DirectMethodHandleAccessor.java:104)
at java.base/java.lang.reflect.Method.invoke(Method.java:565)
at org.testng.internal.invokers.MethodInvocationHelper.invokeMethod(MethodInvocationHelper.java:139)
at org.testng.internal.invokers.TestInvoker.invokeMethod(TestInvoker.java:664)
at org.testng.internal.invokers.TestInvoker.invokeTestMethod(TestInvoker.java:228)
at org.testng.internal.invokers.MethodRunner.runInSequence(MethodRunner.java:63)
at org.testng.internal.invokers.TestInvoker$MethodInvocationAgent.invoke(TestInvoker.java:961)
at org.testng.internal.invokers.TestInvoker.invokeTestMethods(TestInvoker.java:201)
at org.testng.internal.invokers.TestMethodWorker.invokeTestMethods(TestMethodWorker.java:148)
at org.testng.internal.invokers.TestMethodWorker.run(TestMethodWorker.java:128)
at java.base/java.util.ArrayList.forEach(ArrayList.java:1604)
at org.testng.TestRunner.privateRun(TestRunner.java:819)
at org.testng.TestRunner.run(TestRunner.java:619)
at org.testng.SuiteRunner.runTest(SuiteRunner.java:443)
at org.testng.SuiteRunner.runSequentially(SuiteRunner.java:437)
at org.testng.SuiteRunner.privateRun(SuiteRunner.java:397)
at org.testng.SuiteRunner.run(SuiteRunner.java:336)
at org.testng.SuiteRunnerWorker.runSuite(SuiteRunnerWorker.java:52)
at org.testng.SuiteRunnerWorker.run(SuiteRunnerWorker.java:95)
at org.testng.TestNG.runSuitesSequentially(TestNG.java:1301)
at org.testng.TestNG.runSuitesLocally(TestNG.java:1228)
at org.testng.TestNG.runSuites(TestNG.java:1134)
at org.testng.TestNG.run(TestNG.java:1101)
at org.testng.remote.AbstractRemoteTestNG.run(AbstractRemoteTestNG.java:115)
at org.testng.remote.RemoteTestNG.initAndRun(RemoteTestNG.java:293)
at org.testng.remote.RemoteTestNG.main(RemoteTestNG.java:91)
]]>
            </full-stacktrace>
          </exception> <!-- org.testng.SkipException -->
          <reporter-output>
          </reporter-output>
        </test-method> <!-- addCustomerTest -->
        <test-method signature="addCustomerTest(java.lang.String,java.lang.String,java.lang.String,java.lang.String)[pri:0, instance:testCases.AddCustomerTest@6d4c273c]" started-at="2026-02-11T10:12:42 IST" name="addCustomerTest" data-provider="commonData" finished-at="2026-02-11T10:12:42 IST" duration-ms="122" status="PASS">
          <params>
            <param index="0">
              <value>
                <![CDATA[Akshat]]>
              </value>
            </param>
            <param index="1">
              <value>
                <![CDATA[Verma]]>
              </value>
            </param>
            <param index="2">
              <value>
                <![CDATA[7645AV]]>
              </value>
            </param>
            <param index="3">
              <value>
                <![CDATA[Y]]>
              </value>
            </param>
          </params>
          <reporter-output>
          </reporter-output>
        </test-method> <!-- addCustomerTest -->
      </class> <!-- testCases.AddCustomerTest -->
    </test> <!-- Add Customer Test -->
    <test started-at="2026-02-11T10:12:42 IST" name="Open Account Test" finished-at="2026-02-11T10:12:43 IST" duration-ms="412">
      <class name="testCases.OpenAccountTest">
        <test-method is-config="true" signature="setUp()[pri:0, instance:testCases.OpenAccountTest@27b000f7]" started-at="2026-02-11T10:12:37 IST" name="setUp" finished-at="2026-02-11T10:12:41 IST" duration-ms="4251" status="PASS">
          <reporter-output>
          </reporter-output>
        </test-method> <!-- setUp -->
        <test-method signature="openAccountTest(java.lang.String,java.lang.String,java.lang.String)[pri:0, instance:testCases.OpenAccountTest@27b000f7]" started-at="2026-02-11T10:12:42 IST" name="openAccountTest" data-provider="commonData" finished-at="2026-02-11T10:12:43 IST" duration-ms="396" status="PASS">
          <params>
            <param index="0">
              <value>
                <![CDATA[Harry Potter]]>
              </value>
            </param>
            <param index="1">
              <value>
                <![CDATA[Rupee]]>
              </value>
            </param>
            <param index="2">
              <value>
                <![CDATA[Y]]>
              </value>
            </param>
          </params>
          <reporter-output>
          </reporter-output>
        </test-method> <!-- openAccountTest -->
        <test-method signature="openAccountTest(java.lang.String,java.lang.String,java.lang.String)[pri:0, instance:testCases.OpenAccountTest@27b000f7]" started-at="2026-02-11T10:12:43 IST" name="openAccountTest" data-provider="commonData" finished-at="2026-02-11T10:12:43 IST" duration-ms="1" status="SKIP">
          <params>
            <param index="0">
              <value>
                <![CDATA[Ron Weasly]]>
              </value>
            </param>
            <param index="1">
              <value>
                <![CDATA[Dollar]]>
              </value>
            </param>
            <param index="2">
              <value>
                <![CDATA[N]]>
              </value>
            </param>
          </params>
          <exception class="org.testng.SkipException">
            <message>
              <![CDATA[Skipping this TestCase because the RunMode is NO.....]]>
            </message>
            <full-stacktrace>
              <![CDATA[org.testng.SkipException: Skipping this TestCase because the RunMode is NO.....
at testCases.OpenAccountTest.openAccountTest(OpenAccountTest.java:20)
at java.base/jdk.internal.reflect.DirectMethodHandleAccessor.invoke(DirectMethodHandleAccessor.java:104)
at java.base/java.lang.reflect.Method.invoke(Method.java:565)
at org.testng.internal.invokers.MethodInvocationHelper.invokeMethod(MethodInvocationHelper.java:139)
at org.testng.internal.invokers.TestInvoker.invokeMethod(TestInvoker.java:664)
at org.testng.internal.invokers.TestInvoker.invokeTestMethod(TestInvoker.java:228)
at org.testng.internal.invokers.MethodRunner.runInSequence(MethodRunner.java:63)
at org.testng.internal.invokers.TestInvoker$MethodInvocationAgent.invoke(TestInvoker.java:961)
at org.testng.internal.invokers.TestInvoker.invokeTestMethods(TestInvoker.java:201)
at org.testng.internal.invokers.TestMethodWorker.invokeTestMethods(TestMethodWorker.java:148)
at org.testng.internal.invokers.TestMethodWorker.run(TestMethodWorker.java:128)
at java.base/java.util.ArrayList.forEach(ArrayList.java:1604)
at org.testng.TestRunner.privateRun(TestRunner.java:819)
at org.testng.TestRunner.run(TestRunner.java:619)
at org.testng.SuiteRunner.runTest(SuiteRunner.java:443)
at org.testng.SuiteRunner.runSequentially(SuiteRunner.java:437)
at org.testng.SuiteRunner.privateRun(SuiteRunner.java:397)
at org.testng.SuiteRunner.run(SuiteRunner.java:336)
at org.testng.SuiteRunnerWorker.runSuite(SuiteRunnerWorker.java:52)
at org.testng.SuiteRunnerWorker.run(SuiteRunnerWorker.java:95)
at org.testng.TestNG.runSuitesSequentially(TestNG.java:1301)
at org.testng.TestNG.runSuitesLocally(TestNG.java:1228)
at org.testng.TestNG.runSuites(TestNG.java:1134)
at org.testng.TestNG.run(TestNG.java:1101)
at org.testng.remote.AbstractRemoteTestNG.run(AbstractRemoteTestNG.java:115)
at org.testng.remote.RemoteTestNG.initAndRun(RemoteTestNG.java:293)
at org.testng.remote.RemoteTestNG.main(RemoteTestNG.java:91)
]]>
            </full-stacktrace>
          </exception> <!-- org.testng.SkipException -->
          <reporter-output>
          </reporter-output>
        </test-method> <!-- openAccountTest -->
        <test-method is-config="true" signature="tearDown()[pri:0, instance:testCases.OpenAccountTest@27b000f7]" started-at="2026-02-11T10:12:43 IST" name="tearDown" finished-at="2026-02-11T10:12:53 IST" duration-ms="10242" status="PASS">
          <reporter-output>
          </reporter-output>
        </test-method> <!-- tearDown -->
      </class> <!-- testCases.OpenAccountTest -->
    </test> <!-- Open Account Test -->
  </suite> <!-- Data Driven Test -->
</testng-results>
